<?xml version="1.0" encoding="utf-8"?><testsuites><testsuite name="pytest" errors="0" failures="0" skipped="0" tests="4" time="1.262" timestamp="2023-11-27T09:59:49.562386" hostname="LPPHL-4JZ3QQ2"><testcase classname="tests.test_app" name="test_get_event_info" time="0.003" /><testcase classname="tests.test_app" name="test_get_comment_tag" time="0.003" /><testcase classname="tests.test_app" name="test_parse_comment_text_only" time="0.002" /><testcase classname="tests.test_app" name="test_parse_comment_text_and_file" time="0.003" /></testsuite></testsuites>